Fri, 17 Mar 2017 08:37:44 GMT AtrOwdServer Before loop [1]
Fri, 17 Mar 2017 08:37:44 GMT AtrOwdServer New stream for key: tmpStream
Fri, 17 Mar 2017 08:37:44 GMT RttStreamer Init went well, first index: 20
Fri, 17 Mar 2017 08:37:44 GMT RttStreamer Intialize call is finished with initTryNo: 0
Fri, 17 Mar 2017 08:37:44 GMT AtrOwdServer listening on *:3000
Fri, 17 Mar 2017 08:37:47 GMT RttStreamer Calling start()
Fri, 17 Mar 2017 08:37:47 GMT RttStreamer Fetch chunk from lines 20 to 40
Fri, 17 Mar 2017 08:37:47 GMT RttStreamer Current line doesn't contain any data
Fri, 17 Mar 2017 08:37:50 GMT RttStreamer Calling start()
Fri, 17 Mar 2017 08:37:50 GMT RttStreamer Fetch chunk from lines 40 to 50
Fri, 17 Mar 2017 08:37:50 GMT RttStreamer Current line doesn't contain any data
Fri, 17 Mar 2017 08:37:53 GMT RttStreamer Calling start()
Fri, 17 Mar 2017 08:37:53 GMT RttStreamer Fetch chunk from lines 50 to 70
Fri, 17 Mar 2017 08:37:53 GMT RttStreamer Current line doesn't contain any data
Fri, 17 Mar 2017 08:37:55 GMT AtrOwdServer Reading stream with try number: 0
Fri, 17 Mar 2017 08:37:55 GMT AtrOwdServer Buffer of index [0] is: 30,31,32,33,34,35,36,37,38,39,40,41,42,43,44,45,46,47,48,49
Fri, 17 Mar 2017 08:37:55 GMT AtrOwdServer OK message as response
Fri, 17 Mar 2017 08:37:56 GMT RttStreamer Calling start()
Fri, 17 Mar 2017 08:37:56 GMT RttStreamer Fetch chunk from lines 70 to 80
Fri, 17 Mar 2017 08:37:56 GMT RttStreamer Current line doesn't contain any data
Fri, 17 Mar 2017 08:37:59 GMT RttStreamer Calling start()
Fri, 17 Mar 2017 08:37:59 GMT RttStreamer Fetch chunk from lines 80 to 100
Fri, 17 Mar 2017 08:37:59 GMT RttStreamer Current line doesn't contain any data
Fri, 17 Mar 2017 08:38:02 GMT RttStreamer Calling start()
Fri, 17 Mar 2017 08:38:02 GMT RttStreamer Fetch chunk from lines 100 to 110
Fri, 17 Mar 2017 08:38:02 GMT RttStreamer Current line doesn't contain any data
Fri, 17 Mar 2017 08:38:05 GMT RttStreamer Calling start()
Fri, 17 Mar 2017 08:38:05 GMT RttStreamer Fetch chunk from lines 110 to 130
Fri, 17 Mar 2017 08:38:05 GMT RttStreamer Current line doesn't contain any data
Fri, 17 Mar 2017 08:38:08 GMT RttStreamer Calling start()
Fri, 17 Mar 2017 08:38:08 GMT RttStreamer Fetch chunk from lines 130 to 140
Fri, 17 Mar 2017 08:38:08 GMT RttStreamer Current line doesn't contain any data
Fri, 17 Mar 2017 08:38:11 GMT RttStreamer Calling start()
Fri, 17 Mar 2017 08:38:11 GMT RttStreamer Fetch chunk from lines 140 to 160
Fri, 17 Mar 2017 08:38:11 GMT RttStreamer Current line doesn't contain any data
Fri, 17 Mar 2017 08:38:14 GMT RttStreamer Calling start()
Fri, 17 Mar 2017 08:38:14 GMT RttStreamer Fetch chunk from lines 160 to 170
Fri, 17 Mar 2017 08:38:14 GMT RttStreamer Current line doesn't contain any data
Fri, 17 Mar 2017 08:38:16 GMT AtrOwdServer Reading stream with try number: 1
Fri, 17 Mar 2017 08:38:16 GMT AtrOwdServer Buffer of index [1] is: 50,51,52,53,54,55,56,57,58,59
Fri, 17 Mar 2017 08:38:16 GMT AtrOwdServer OK message as response
Fri, 17 Mar 2017 08:38:17 GMT RttStreamer Calling start()
Fri, 17 Mar 2017 08:38:17 GMT RttStreamer Fetch chunk from lines 170 to 190
Fri, 17 Mar 2017 08:38:17 GMT RttStreamer Current line doesn't contain any data
Fri, 17 Mar 2017 08:38:20 GMT RttStreamer Calling start()
Fri, 17 Mar 2017 08:38:20 GMT RttStreamer Fetch chunk from lines 190 to 200
Fri, 17 Mar 2017 08:38:20 GMT RttStreamer Current line doesn't contain any data
Fri, 17 Mar 2017 08:38:23 GMT RttStreamer Calling start()
Fri, 17 Mar 2017 08:38:23 GMT RttStreamer Fetch chunk from lines 200 to 220
Fri, 17 Mar 2017 08:38:23 GMT RttStreamer Current line doesn't contain any data
Fri, 17 Mar 2017 08:38:26 GMT RttStreamer Calling start()
Fri, 17 Mar 2017 08:38:26 GMT RttStreamer Fetch chunk from lines 220 to 230
Fri, 17 Mar 2017 08:38:26 GMT RttStreamer Current line doesn't contain any data
Fri, 17 Mar 2017 08:38:28 GMT AtrOwdServer Reading stream with try number: 2
Fri, 17 Mar 2017 08:38:28 GMT AtrOwdServer Buffer of index [2] is: 60,61,62,63,64,65,66,67,68,69,70,71,72,73,74,75,76,77,78,79
Fri, 17 Mar 2017 08:38:28 GMT AtrOwdServer OK message as response
Fri, 17 Mar 2017 08:38:29 GMT RttStreamer Calling start()
Fri, 17 Mar 2017 08:38:29 GMT RttStreamer Fetch chunk from lines 230 to 250
Fri, 17 Mar 2017 08:38:29 GMT RttStreamer Current line doesn't contain any data
Fri, 17 Mar 2017 08:38:32 GMT RttStreamer Calling start()
Fri, 17 Mar 2017 08:38:32 GMT RttStreamer Fetch chunk from lines 250 to 260
Fri, 17 Mar 2017 08:38:32 GMT RttStreamer Current line doesn't contain any data
Fri, 17 Mar 2017 08:38:35 GMT RttStreamer Calling start()
Fri, 17 Mar 2017 08:38:35 GMT RttStreamer Fetch chunk from lines 260 to 280
Fri, 17 Mar 2017 08:38:35 GMT RttStreamer Current line doesn't contain any data
Fri, 17 Mar 2017 08:38:38 GMT RttStreamer Calling start()
Fri, 17 Mar 2017 08:38:38 GMT RttStreamer Fetch chunk from lines 280 to 290
Fri, 17 Mar 2017 08:38:38 GMT RttStreamer Current line doesn't contain any data
Fri, 17 Mar 2017 08:38:41 GMT RttStreamer Calling start()
Fri, 17 Mar 2017 08:38:41 GMT RttStreamer Fetch chunk from lines 290 to 310
Fri, 17 Mar 2017 08:38:41 GMT RttStreamer Current line doesn't contain any data
Fri, 17 Mar 2017 08:38:44 GMT RttStreamer Calling start()
Fri, 17 Mar 2017 08:38:44 GMT RttStreamer Fetch chunk from lines 310 to 320
Fri, 17 Mar 2017 08:38:44 GMT RttStreamer Current line doesn't contain any data
